0.043075 126
2.974812 1
0.098387 1
0.088445 2
0.002855 29
0.001714 126
0.283325 1
0.066115 1
0.114712 2
0.002249 29
0.001103 126
0.215377 1
0.011890 1
0.164393 2
0.081683 89
0.008292 126
0.854239 1
0.116288 1
0.129774 2
0.001672 29
0.001190 126
0.355508 1
0.088291 1
0.082648 2
0.002879 29
0.000854 126
0.385075 1
0.151525 1
0.103954 1
0.196041 1
0.209041 1
0.116303 2
0.001508 12
0.001242 126
0.188035 1
0.079675 1
0.093116 2
0.002732 29
0.001706 126
0.706679 1
0.012091 1
0.158672 2
0.002825 29
0.001547 126
0.614850 1
0.104350 1
0.065918 2
0.002706 29
0.001250 126
1.724796 1
0.323355 1
0.183251 1
0.178622 1
0.224422 8
